d:\work\epc\epc_20170811\network\src\debug\network.bsc
d:\work\epc\epc_20170811\network\src\debug\vc120.pdb
d:\work\epc\epc_20170811\network\src\debug\vc120.idb
d:\work\epc\epc_20170811\network\src\debug\itudpsocket.sbr
d:\work\epc\epc_20170811\network\src\debug\socketclient.sbr
d:\work\epc\epc_20170811\network\src\debug\socketconnection.sbr
d:\work\epc\epc_20170811\network\src\debug\socketrendezvous.sbr
d:\work\epc\epc_20170811\network\src\debug\socketserver.sbr
d:\work\epc\epc_20170811\network\src\debug\sockhead.sbr
d:\work\epc\epc_20170811\network\src\debug\sockutil.sbr
d:\work\epc\epc_20170811\network\src\debug\udpsocket.sbr
d:\work\epc\epc_20170811\network\src\debug\udpsocket.obj
d:\work\epc\epc_20170811\network\src\debug\sockutil.obj
d:\work\epc\epc_20170811\network\src\debug\sockhead.obj
d:\work\epc\epc_20170811\network\src\debug\socketserver.obj
d:\work\epc\epc_20170811\network\src\debug\socketrendezvous.obj
d:\work\epc\epc_20170811\network\src\debug\socketconnection.obj
d:\work\epc\epc_20170811\network\src\debug\socketclient.obj
d:\work\epc\epc_20170811\network\src\debug\itudpsocket.obj
d:\work\epc\epc_20170811\library\win32\debug_static\network.lib
d:\work\epc\epc_20170811\network\src\debug\network.tlog\bscmake.command.1.tlog
d:\work\epc\epc_20170811\network\src\debug\network.tlog\bscmake.read.1.tlog
d:\work\epc\epc_20170811\network\src\debug\network.tlog\bscmake.write.1.tlog
d:\work\epc\epc_20170811\network\src\debug\network.tlog\cl.command.1.tlog
d:\work\epc\epc_20170811\network\src\debug\network.tlog\cl.read.1.tlog
d:\work\epc\epc_20170811\network\src\debug\network.tlog\cl.write.1.tlog
d:\work\epc\epc_20170811\network\src\debug\network.tlog\lib-link.read.1.tlog
d:\work\epc\epc_20170811\network\src\debug\network.tlog\lib-link.write.1.tlog
d:\work\epc\epc_20170811\network\src\debug\network.tlog\lib.command.1.tlog
